Chyba pri funckii getAllPlayers, príkaz pre získanie informácií z databázy zlyhal
Chyba pri funkcii createPlayerUser
Chyba pri funkcii createPlayerUser
Chyba pri funkcii createPlayerUser
Chyba pri funckii getAllPlayers, príkaz pre získanie informácií z databázy zlyhal
Chyba pri funckii getAllPlayers, príkaz pre získanie informácií z databázy zlyhal
Chyba pri funckii getAllPlayers, príkaz pre získanie informácií z databázy zlyhal
Chyba pri funckii getAllPlayers, príkaz pre získanie informácií z databázy zlyhal
Chyba pri funckii getAllPlayers, príkaz pre získanie informácií z databázy zlyhal
Chyba pri funckii getAllPlayers, príkaz pre získanie informácií z databázy zlyhal
Chyba pri funkcii getUser, získanie informácií z databázy zlyhalo
Chyba pri funkcii getUser, získanie informácií z databázy zlyhalo
Chyba pri funkcii getUser, získanie informácií z databázy zlyhalo
Chyba pri funkcii getUser, získanie informácií z databázy zlyhalo
Chyba pri funkcii getUser, získanie informácií z databázy zlyhalo
Chyba pri funkcii getUser, získanie informácií z databázy zlyhalo
Chyba pri funkcii getUser, získanie informácií z databázy zlyhalo
Chyba pri funkcii getUser, získanie informácií z databázy zlyhalo
Chyba pri funkcii getUser, získanie informácií z databázy zlyhalo
Chyba pri funkcii getUser, získanie informácií z databázy zlyhalo
Chyba pri funkcii getUser, získanie informácií z databázy zlyhalo
Chyba pri funkcii getUser, získanie informácií z databázy zlyhalo
Chyba pri funkcii getUser, získanie informácií z databázy zlyhalo
Chyba pri funkcii getUser, získanie informácií z databázy zlyhalo
Chyba pri funkcii getUser, získanie informácií z databázy zlyhalo
Chyba pri funkcii getUser, získanie informácií z databázy zlyhalo
Chyba pri funkcii getUser, získanie informácií z databázy zlyhalo
Chyba pri funkcii getUser, získanie informácií z databázy zlyhalo
Chyba pri funkcii getUser, získanie informácií z databázy zlyhalo
Chyba pri funkcii getUser, získanie informácií z databázy zlyhalo
Chyba pri funkcii getUser, získanie informácií z databázy zlyhalo
Chyba pri funkcii getUser, získanie informácií z databázy zlyhalo
Chyba pri funkcii getUser, získanie informácií z databázy zlyhalo
Chyba pri funkcii getUser, získanie informácií z databázy zlyhalo
Chyba pri funkcii getUser, získanie informácií z databázy zlyhalo
Chyba pri funkcii getUser, získanie informácií z databázy zlyhalo
Chyba pri funkcii getUser, získanie informácií z databázy zlyhalo
Chyba pri funkcii getUser, získanie informácií z databázy zlyhalo
Chyba pri funkcii getUser, získanie informácií z databázy zlyhalo
Chyba pri funkcii getUser, získanie informácií z databázy zlyhalo
Chyba pri funkcii getUser, získanie informácií z databázy zlyhalo
Chyba pri funkcii getUser, získanie informácií z databázy zlyhalo
Chyba pri funkcii getUser, získanie informácií z databázy zlyhalo
Chyba pri funkcii getUser, získanie informácií z databázy zlyhalo
Chyba pri funkcii getUser, získanie informácií z databázy zlyhalo
Chyba pri funkcii createLeague
Chyba pri funkcii createLeaguePlayer
Chyba pri funkcii createLeaguePlayer
Chyba pri funckii insertPlayerImage, získanie informácií z databázy zlyhalo
Chyba pri funkcii createLeagueSettings
Chyba pri funkcii createLeagueSettings
Chyba pri funkcii updateLeagueSettings, získanie informácií z databázy zlyhalo
Chyba pri funkcii updateLeagueSettings, získanie informácií z databázy zlyhalo
Chyba pri funkcii updateLeagueSettings, získanie informácií z databázy zlyhalo
Chyba pri funkcii createLeagueSettings
Chyba pri funkcii createLeagueSettings
Chyba pri funkcii createLeagueSettings
Chyba pri funkcii createLeagueSettings
Chyba pri funkcii createLeagueSettings
Chyba pri funkcii createLeagueSettings
Chyba pri funkcii createLeaguePlayer
Chyba pri funkcii createLeaguePlayer
Chyba pri funkcii createLeaguePlayer
Chyba pri funkcii createLeaguePlayer
Chyba pri funkcii createLeaguePlayer
Chyba pri funkcii createLeaguePlayer
Chyba pri funkcii createLeaguePlayer
Chyba pri funkcii createLeaguePlayer
Chyba pri funkcii createLeaguePlayer
Chyba pri funkcii createLeaguePlayer
Chyba pri funkcii createLeaguePlayer
Chyba pri funkcii createLeaguePlayer
Chyba pri funkcii createLeaguePlayer
Chyba pri funkcii createLeaguePlayer
Chyba pri funkcii createLeaguePlayer
Chyba pri funkcii createLeaguePlayer
Chyba pri funkcii updatePlayerImage, získanie informácií z databázy zlyhalo
Chyba pri funkcii updateLeague, získanie informácií z databázy zlyhalo
Chyba pri funkcii createLeaguePlayer
Chyba pri funkcii createLeaguePlayer
Chyba pri funkcii createLeaguePlayer
Chyba pri funkcii createLeaguePlayer
Chyba pri funkcii Doubles
Chyba pri funkcii Doubles
